app/build/intermediates/manifest_merge_blame_file/debug/processDebugMainManifest/manifest-merger-blame-debug-report.txt
1<?xml version="1.0" encoding="utf-8"?>
2<manifest xmlns:android="http://schemas.android.com/apk/res/android"
3    package="com.math.autotapper2"
4    android:versionCode="1"
5    android:versionName="1.0" >
6
7    <uses-sdk
8        android:minSdkVersion="24"
9        android:targetSdkVersion="33" />
10
11    <uses-permission android:name="android.permission.READ_EXTERNAL_STORAGE" />
11-->src/main/AndroidManifest.xml:3:5-80
11-->src/main/AndroidManifest.xml:3:22-77
12    <uses-permission android:name="android.permission.READ_MEDIA_IMAGES" />
12-->src/main/AndroidManifest.xml:4:5-76
12-->src/main/AndroidManifest.xml:4:22-73
13    <!-- Permissions -->
14    <uses-permission android:name="android.permission.FOREGROUND_SERVICE" />
14-->src/main/AndroidManifest.xml:6:5-76
14-->src/main/AndroidManifest.xml:6:22-74
15    <uses-permission android:name="android.permission.FOREGROUND_SERVICE_MEDIA_PROJECTION" />
15-->src/main/AndroidManifest.xml:7:5-93
15-->src/main/AndroidManifest.xml:7:22-91
16    <uses-permission android:name="android.permission.POST_NOTIFICATIONS" />
16-->src/main/AndroidManifest.xml:8:5-76
16-->src/main/AndroidManifest.xml:8:22-74
17    <uses-permission android:name="android.permission.SYSTEM_ALERT_WINDOW" />
17-->src/main/AndroidManifest.xml:9:5-77
17-->src/main/AndroidManifest.xml:9:22-75
18    <uses-permission android:name="android.permission.BIND_ACCESSIBILITY_SERVICE" />
18-->src/main/AndroidManifest.xml:10:5-84
18-->src/main/AndroidManifest.xml:10:22-82
19
20    <permission
20-->[androidx.core:core:1.13.1] AndroidManifest.xml:22:5-24:47
21        android:name="com.math.autotapper2.DYNAMIC_RECEIVER_NOT_EXPORTED_PERMISSION"
21-->[androidx.core:core:1.13.1] AndroidManifest.xml:23:9-81
22        android:protectionLevel="signature" />
22-->[androidx.core:core:1.13.1] AndroidManifest.xml:24:9-44
23
24    <uses-permission android:name="com.math.autotapper2.DYNAMIC_RECEIVER_NOT_EXPORTED_PERMISSION" />
24-->[androidx.core:core:1.13.1] AndroidManifest.xml:26:5-97
24-->[androidx.core:core:1.13.1] AndroidManifest.xml:26:22-94
25
26    <application
26-->src/main/AndroidManifest.xml:12:5-50:19
27        android:allowBackup="true"
27-->src/main/AndroidManifest.xml:13:9-35
28        android:appComponentFactory="androidx.core.app.CoreComponentFactory"
28-->[androidx.core:core:1.13.1] AndroidManifest.xml:28:18-86
29        android:debuggable="true"
30        android:extractNativeLibs="false"
31        android:icon="@android:drawable/sym_def_app_icon"
31-->src/main/AndroidManifest.xml:15:9-58
32        android:label="Auto Math Tapper 2"
32-->src/main/AndroidManifest.xml:14:9-43
33        android:supportsRtl="true"
33-->src/main/AndroidManifest.xml:16:9-35
34        android:theme="@style/Theme.AutoMathTapper2" >
34-->src/main/AndroidManifest.xml:17:9-53
35
36        <!-- Foreground service for MediaProjection (Android 14) -->
37        <service
37-->src/main/AndroidManifest.xml:20:9-23:63
38            android:name="com.math.autotapper2.MediaProjectionFgService"
38-->src/main/AndroidManifest.xml:21:13-53
39            android:exported="false"
39-->src/main/AndroidManifest.xml:22:13-37
40            android:foregroundServiceType="mediaProjection" />
40-->src/main/AndroidManifest.xml:23:13-60
41
42        <!-- Activities -->
43        <activity
43-->src/main/AndroidManifest.xml:26:9-85
44            android:name="com.math.autotapper2.SymbolUploaderActivity"
44-->src/main/AndroidManifest.xml:26:19-57
45            android:exported="false" />
45-->src/main/AndroidManifest.xml:26:58-82
46        <activity
46-->src/main/AndroidManifest.xml:27:9-81
47            android:name="com.math.autotapper2.SymbolTestActivity"
47-->src/main/AndroidManifest.xml:27:19-53
48            android:exported="false" />
48-->src/main/AndroidManifest.xml:27:54-78
49        <activity
49-->src/main/AndroidManifest.xml:28:9-126
50            android:name="com.math.autotapper2.RoiOverlayActivity"
50-->src/main/AndroidManifest.xml:28:19-53
51            android:exported="false"
51-->src/main/AndroidManifest.xml:28:54-78
52            android:theme="@style/Theme.AutoMathTapper2" />
52-->src/main/AndroidManifest.xml:28:79-123
53        <activity
53-->src/main/AndroidManifest.xml:29:9-78
54            android:name="com.math.autotapper2.PickRoiActivity"
54-->src/main/AndroidManifest.xml:29:19-50
55            android:exported="false" />
55-->src/main/AndroidManifest.xml:29:51-75
56        <activity
56-->src/main/AndroidManifest.xml:31:9-36:20
57            android:name="com.math.autotapper2.MainActivity"
57-->src/main/AndroidManifest.xml:31:19-47
58            android:exported="true" >
58-->src/main/AndroidManifest.xml:31:48-71
59            <intent-filter>
59-->src/main/AndroidManifest.xml:32:13-35:29
60                <action android:name="android.intent.action.MAIN" />
60-->src/main/AndroidManifest.xml:33:17-69
60-->src/main/AndroidManifest.xml:33:25-66
61
62                <category android:name="android.intent.category.LAUNCHER" />
62-->src/main/AndroidManifest.xml:34:17-77
62-->src/main/AndroidManifest.xml:34:27-74
63            </intent-filter>
64        </activity>
65
66        <!-- Accessibility service for auto tapping -->
67        <service
67-->src/main/AndroidManifest.xml:39:9-49:19
68            android:name="com.math.autotapper2.AutoTapService"
68-->src/main/AndroidManifest.xml:40:13-43
69            android:exported="true"
69-->src/main/AndroidManifest.xml:42:13-36
70            android:permission="android.permission.BIND_ACCESSIBILITY_SERVICE" >
70-->src/main/AndroidManifest.xml:41:13-79
71            <intent-filter>
71-->src/main/AndroidManifest.xml:43:13-45:29
72                <action android:name="android.accessibilityservice.AccessibilityService" />
72-->src/main/AndroidManifest.xml:44:17-92
72-->src/main/AndroidManifest.xml:44:25-89
73            </intent-filter>
74
75            <meta-data
75-->src/main/AndroidManifest.xml:46:13-48:72
76                android:name="android.accessibilityservice"
76-->src/main/AndroidManifest.xml:47:17-60
77                android:resource="@xml/accessibility_service_config" />
77-->src/main/AndroidManifest.xml:48:17-69
78        </service>
79
80        <provider
80-->[androidx.emoji2:emoji2:1.2.0] AndroidManifest.xml:24:9-32:20
81            android:name="androidx.startup.InitializationProvider"
81-->[androidx.emoji2:emoji2:1.2.0] AndroidManifest.xml:25:13-67
82            android:authorities="com.math.autotapper2.androidx-startup"
82-->[androidx.emoji2:emoji2:1.2.0] AndroidManifest.xml:26:13-68
83            android:exported="false" >
83-->[androidx.emoji2:emoji2:1.2.0] AndroidManifest.xml:27:13-37
84            <meta-data
84-->[androidx.emoji2:emoji2:1.2.0] AndroidManifest.xml:29:13-31:52
85                android:name="androidx.emoji2.text.EmojiCompatInitializer"
85-->[androidx.emoji2:emoji2:1.2.0] AndroidManifest.xml:30:17-75
86                android:value="androidx.startup" />
86-->[androidx.emoji2:emoji2:1.2.0] AndroidManifest.xml:31:17-49
87            <meta-data
87-->[androidx.lifecycle:lifecycle-process:2.6.2] AndroidManifest.xml:29:13-31:52
88                android:name="androidx.lifecycle.ProcessLifecycleInitializer"
88-->[androidx.lifecycle:lifecycle-process:2.6.2] AndroidManifest.xml:30:17-78
89                android:value="androidx.startup" />
89-->[androidx.lifecycle:lifecycle-process:2.6.2] AndroidManifest.xml:31:17-49
90            <meta-data
90-->[androidx.profileinstaller:profileinstaller:1.3.0] AndroidManifest.xml:29:13-31:52
91                android:name="androidx.profileinstaller.ProfileInstallerInitializer"
91-->[androidx.profileinstaller:profileinstaller:1.3.0] AndroidManifest.xml:30:17-85
92                android:value="androidx.startup" />
92-->[androidx.profileinstaller:profileinstaller:1.3.0] AndroidManifest.xml:31:17-49
93        </provider>
94
95        <uses-library
95-->[androidx.window:window:1.0.0] AndroidManifest.xml:25:9-27:40
96            android:name="androidx.window.extensions"
96-->[androidx.window:window:1.0.0] AndroidManifest.xml:26:13-54
97            android:required="false" />
97-->[androidx.window:window:1.0.0] AndroidManifest.xml:27:13-37
98        <uses-library
98-->[androidx.window:window:1.0.0] AndroidManifest.xml:28:9-30:40
99            android:name="androidx.window.sidecar"
99-->[androidx.window:window:1.0.0] AndroidManifest.xml:29:13-51
100            android:required="false" />
100-->[androidx.window:window:1.0.0] AndroidManifest.xml:30:13-37
101
102        <receiver
102-->[androidx.profileinstaller:profileinstaller:1.3.0] AndroidManifest.xml:34:9-52:20
103            android:name="androidx.profileinstaller.ProfileInstallReceiver"
103-->[androidx.profileinstaller:profileinstaller:1.3.0] AndroidManifest.xml:35:13-76
104            android:directBootAware="false"
104-->[androidx.profileinstaller:profileinstaller:1.3.0] AndroidManifest.xml:36:13-44
105            android:enabled="true"
105-->[androidx.profileinstaller:profileinstaller:1.3.0] AndroidManifest.xml:37:13-35
106            android:exported="true"
106-->[androidx.profileinstaller:profileinstaller:1.3.0] AndroidManifest.xml:38:13-36
107            android:permission="android.permission.DUMP" >
107-->[androidx.profileinstaller:profileinstaller:1.3.0] AndroidManifest.xml:39:13-57
108            <intent-filter>
108-->[androidx.profileinstaller:profileinstaller:1.3.0] AndroidManifest.xml:40:13-42:29
109                <action android:name="androidx.profileinstaller.action.INSTALL_PROFILE" />
109-->[androidx.profileinstaller:profileinstaller:1.3.0] AndroidManifest.xml:41:17-91
109-->[androidx.profileinstaller:profileinstaller:1.3.0] AndroidManifest.xml:41:25-88
110            </intent-filter>
111            <intent-filter>
111-->[androidx.profileinstaller:profileinstaller:1.3.0] AndroidManifest.xml:43:13-45:29
112                <action android:name="androidx.profileinstaller.action.SKIP_FILE" />
112-->[androidx.profileinstaller:profileinstaller:1.3.0] AndroidManifest.xml:44:17-85
112-->[androidx.profileinstaller:profileinstaller:1.3.0] AndroidManifest.xml:44:25-82
113            </intent-filter>
114            <intent-filter>
114-->[androidx.profileinstaller:profileinstaller:1.3.0] AndroidManifest.xml:46:13-48:29
115                <action android:name="androidx.profileinstaller.action.SAVE_PROFILE" />
115-->[androidx.profileinstaller:profileinstaller:1.3.0] AndroidManifest.xml:47:17-88
115-->[androidx.profileinstaller:profileinstaller:1.3.0] AndroidManifest.xml:47:25-85
116            </intent-filter>
117            <intent-filter>
117-->[androidx.profileinstaller:profileinstaller:1.3.0] AndroidManifest.xml:49:13-51:29
118                <action android:name="androidx.profileinstaller.action.BENCHMARK_OPERATION" />
118-->[androidx.profileinstaller:profileinstaller:1.3.0] AndroidManifest.xml:50:17-95
118-->[androidx.profileinstaller:profileinstaller:1.3.0] AndroidManifest.xml:50:25-92
119            </intent-filter>
120        </receiver>
121    </application>
122
123</manifest>